<?xml version="1.0" encoding="UTF-8"?>
<!-- Generated by org.testng.reporters.JUnitXMLReporter -->
<testsuite ignored="4" hostname="DESKTOP-0N88LAP" failures="0" tests="5" name="Functional Test" time="0.188" errors="0" timestamp="2022-02-05T20:49:34 IST">
  <testcase classname="com.qa.testNGDemo.TC_FundTransfer_001" name="fundTransferIMPS" time="0.009"/>
  <testcase classname="com.qa.testNGDemo.TC_FundTransfer_001" name="fundTransferNEFT" time="0.003"/>
  <testcase classname="com.qa.testNGDemo.TC_FundTransfer_001" name="fundTransferInternational" time="0.004"/>
  <testcase classname="com.qa.testNGDemo.TC_UtilityBillPayment_002" name="UtilityBillPayment" time="0.005"/>
  <testcase classname="com.qa.testNGDemo.TC_CCBillPayment_003" name="CCBillPayment" time="0.004"/>
  <testcase classname="com.qa.testNGDemo.TestBase" name="@BeforeTest setUp" time="0.0">
    <ignored/>
  </testcase> <!-- @BeforeTest setUp -->
  <testcase classname="com.qa.testNGDemo.TestBase" name="@BeforeTest setUp" time="0.0">
    <ignored/>
  </testcase> <!-- @BeforeTest setUp -->
  <testcase classname="com.qa.testNGDemo.TestBase" name="@AfterTest tearDown" time="0.0">
    <ignored/>
  </testcase> <!-- @AfterTest tearDown -->
  <testcase classname="com.qa.testNGDemo.TestBase" name="@AfterTest tearDown" time="0.0">
    <ignored/>
  </testcase> <!-- @AfterTest tearDown -->
</testsuite> <!-- Functional Test -->
